mode: set
github.com/LNMMusic/tester/internal/tester.go:21.105,27.2 1 1
github.com/LNMMusic/tester/internal/tester.go:40.50,43.15 1 1
github.com/LNMMusic/tester/internal/tester.go:43.15,45.15 2 1
github.com/LNMMusic/tester/internal/tester.go:45.15,61.4 1 1
github.com/LNMMusic/tester/internal/tester.go:64.2,65.16 2 1
github.com/LNMMusic/tester/internal/tester.go:65.16,68.3 2 1
github.com/LNMMusic/tester/internal/tester.go:71.2,73.16 3 1
github.com/LNMMusic/tester/internal/tester.go:73.16,76.3 2 1
github.com/LNMMusic/tester/internal/tester.go:79.2,80.16 2 1
github.com/LNMMusic/tester/internal/tester.go:80.16,83.3 2 1
github.com/LNMMusic/tester/internal/tester.go:85.2,85.8 1 1
github.com/LNMMusic/tester/internal/cases/dbexecuter_mock.go:6.42,8.2 1 0
github.com/LNMMusic/tester/internal/cases/dbexecuter_mock.go:16.62,22.2 3 0
github.com/LNMMusic/tester/internal/cases/dbexecuter_mysql.go:9.54,13.2 1 0
github.com/LNMMusic/tester/internal/cases/dbexecuter_mysql.go:22.63,24.28 1 0
github.com/LNMMusic/tester/internal/cases/dbexecuter_mysql.go:24.28,26.17 2 0
github.com/LNMMusic/tester/internal/cases/dbexecuter_mysql.go:26.17,29.4 2 0
github.com/LNMMusic/tester/internal/cases/dbexecuter_mysql.go:32.2,32.8 1 0
github.com/LNMMusic/tester/internal/cases/reader_json.go:17.72,22.2 1 1
github.com/LNMMusic/tester/internal/cases/reader_json.go:41.49,44.9 2 1
github.com/LNMMusic/tester/internal/cases/reader_json.go:44.9,47.3 2 1
github.com/LNMMusic/tester/internal/cases/reader_json.go:48.2,48.19 1 1
github.com/LNMMusic/tester/internal/cases/reader_json.go:48.19,51.3 2 1
github.com/LNMMusic/tester/internal/cases/reader_json.go:53.2,54.8 2 1
github.com/LNMMusic/tester/internal/cases/reader_json.go:58.31,64.16 3 1
github.com/LNMMusic/tester/internal/cases/reader_json.go:64.16,67.3 2 1
github.com/LNMMusic/tester/internal/cases/reader_json.go:70.2,70.23 1 1
github.com/LNMMusic/tester/internal/cases/reader_json.go:70.23,73.17 3 1
github.com/LNMMusic/tester/internal/cases/reader_json.go:73.17,76.4 2 1
github.com/LNMMusic/tester/internal/cases/reader_json.go:78.3,78.27 1 1
github.com/LNMMusic/tester/internal/cases/reporter_default.go:11.44,13.2 1 1
github.com/LNMMusic/tester/internal/cases/reporter_default.go:18.73,27.16 7 1
github.com/LNMMusic/tester/internal/cases/reporter_default.go:27.16,29.3 1 1
github.com/LNMMusic/tester/internal/cases/reporter_default.go:30.2,34.32 3 1
github.com/LNMMusic/tester/internal/cases/reporter_default.go:34.32,37.3 2 1
github.com/LNMMusic/tester/internal/cases/reporter_default.go:38.2,38.50 1 1
github.com/LNMMusic/tester/internal/cases/reporter_default.go:38.50,41.3 2 1
github.com/LNMMusic/tester/internal/cases/reporter_default.go:42.2,42.54 1 1
github.com/LNMMusic/tester/internal/cases/reporter_default.go:42.54,45.3 2 1
github.com/LNMMusic/tester/internal/cases/reporter_default.go:47.2,47.12 1 1
github.com/LNMMusic/tester/internal/cases/reporter_mock.go:10.38,12.2 1 0
github.com/LNMMusic/tester/internal/cases/reporter_mock.go:20.73,26.2 3 0
github.com/LNMMusic/tester/internal/cases/requester_default.go:11.84,15.22 3 1
github.com/LNMMusic/tester/internal/cases/requester_default.go:15.22,17.3 1 1
github.com/LNMMusic/tester/internal/cases/requester_default.go:18.2,18.19 1 1
github.com/LNMMusic/tester/internal/cases/requester_default.go:18.19,20.3 1 0
github.com/LNMMusic/tester/internal/cases/requester_default.go:22.2,25.3 1 1
github.com/LNMMusic/tester/internal/cases/requester_default.go:37.73,45.27 4 1
github.com/LNMMusic/tester/internal/cases/requester_default.go:45.27,48.17 3 1
github.com/LNMMusic/tester/internal/cases/requester_default.go:48.17,50.4 1 0
github.com/LNMMusic/tester/internal/cases/requester_default.go:52.3,52.28 1 1
github.com/LNMMusic/tester/internal/cases/requester_default.go:56.2,57.16 2 1
github.com/LNMMusic/tester/internal/cases/requester_default.go:57.16,59.3 1 0
github.com/LNMMusic/tester/internal/cases/requester_default.go:62.2,63.36 2 1
github.com/LNMMusic/tester/internal/cases/requester_default.go:63.36,65.3 1 1
github.com/LNMMusic/tester/internal/cases/requester_default.go:66.2,68.37 2 1
github.com/LNMMusic/tester/internal/cases/requester_default.go:68.37,70.3 1 1
github.com/LNMMusic/tester/internal/cases/requester_default.go:73.2,74.16 2 1
github.com/LNMMusic/tester/internal/cases/requester_default.go:74.16,76.3 1 1
github.com/LNMMusic/tester/internal/cases/requester_default.go:78.2,78.8 1 1
github.com/LNMMusic/tester/internal/cases/requester_mock.go:10.40,12.2 1 0
github.com/LNMMusic/tester/internal/cases/requester_mock.go:20.70,27.2 4 0
